😄 每日一笑 - 02/03

1. if (age > 30) {脱发 = true;}
2. 日志不打，出事来找
3. 上线前拜三拜，祈求代码无 bug
4. 下次一定
5. 程序员最讨厌的饼：画的饼

#笑话 #每日一笑 #开心一笑
😄 每日一笑 - 02/04

1. 道理我都懂，然并卵
2. Stack Overflow 是我老师傅
3. 开会的时候：我懂了。开会结束后：我不懂
4. bug 是别人写的，功劳是我的
5. 早睡早起身体好，就是做不到

#笑话 #每日一笑 #开心一笑
😄 每日一笑 - 02/05

1. 早睡早起身体好，就是做不到
2. 开会的时候：我懂了。开会结束后：我不懂
3. 我写的代码能跑，你不要动它
4. 下次一定
5. Git 的作用是让代码消失得更专业

#笑话 #每日一笑 #开心一笑
😄 每日一笑 - 02/06

1. 没有报错就是最大的好消息
2. 道理我都懂，然并卵
3. 上线前拜三拜，祈求代码无 bug
4. 减肥是明天的事
5. bug 是别人写的，功劳是我的

#笑话 #每日一笑 #开心一笑
😄 每日一笑 - 02/07

1. IDE 打开就是一下午
2. 上线前拜三拜，祈求代码无 bug
3. 代码能跑就行，别问我为什么
4. 工资就像是大姨妈，每月来一次，一周就走了
5. 开会的时候：我懂了。开会结束后：我不懂

#笑话 #每日一笑 #开心一笑
😄 每日一笑 - 02/08

1. 日志不打，出事来找
2. 程序员最讨厌的饼：画的饼
3. 代码能跑就行，别问我为什么
4. 上线前拜三拜，祈求代码无 bug
5. 减肥是明天的事

#笑话 #每日一笑 #开心一笑
😄 每日一笑 - 02/09

1. 周五的下午，时间会变慢
2. 没有报错就是最大的好消息
3. Stack Overflow 是我老师傅
4. 这个需求做不了，不是，技术上实现有难度
5. 程序员最讨厌的饼：画的饼

#笑话 #每日一笑 #开心一笑
